<?xml version="1.0" encoding="UTF-8"?>
<!-- Generated by org.testng.reporters.JUnitXMLReporter -->
<testsuite ignored="0" hostname="Mayank-Laptop" failures="0" tests="5" name="REgistration" time="72.225" errors="0" timestamp="2022-07-28T20:19:43 IST">
  <testcase classname="com.travelDemo.testCases.TC_LoginTest_001" name="loginTest" time="9.674"/>
  <testcase classname="com.travelDemo.testCases.TC_LoginTest_001" name="loginTest" time="10.708"/>
  <testcase classname="com.travelDemo.testCases.TC_LoginTest_001" name="loginTest" time="8.864"/>
  <testcase classname="com.travelDemo.testCases.TC_LoginTest_001" name="loginTest" time="11.152"/>
  <testcase classname="com.travelDemo.testCases.TC_LoginTest_001" name="loginTest" time="11.278"/>
</testsuite> <!-- REgistration -->
