<?xml version="1.0" encoding="UTF-8"?>
<testng-results ignored="0" total="5" passed="5" failed="0" skipped="0">
  <reporter-output>
  </reporter-output>
  <suite started-at="2022-07-28T20:18:31 IST" name="Registration" finished-at="2022-07-28T20:19:43 IST" duration-ms="72225">
    <groups>
    </groups>
    <test started-at="2022-07-28T20:18:31 IST" name="REgistration" finished-at="2022-07-28T20:19:43 IST" duration-ms="72225">
      <class name="com.travelDemo.testCases.TC_LoginTest_001">
        <test-method is-config="true" signature="initialize()[pri:0, instance:com.travelDemo.testCases.TC_LoginTest_001@5c2375a9]" started-at="2022-07-28T20:18:32 IST" name="initialize" finished-at="2022-07-28T20:18:36 IST" duration-ms="3916" status="PASS">
          <reporter-output>
          </reporter-output>
        </test-method> <!-- initialize -->
        <test-method signature="loginTest(java.lang.String,java.lang.String,java.lang.String,java.lang.String)[pri:0, instance:com.travelDemo.testCases.TC_LoginTest_001@5c2375a9]" started-at="2022-07-28T20:18:36 IST" name="loginTest" data-provider="LoginData" finished-at="2022-07-28T20:18:45 IST" duration-ms="9674" status="PASS">
          <params>
            <param index="0">
              <value>
                <![CDATA[abc]]>
              </value>
            </param>
            <param index="1">
              <value>
                <![CDATA[def]]>
              </value>
            </param>
            <param index="2">
              <value>
                <![CDATA[B_abc]]>
              </value>
            </param>
            <param index="3">
              <value>
                <![CDATA[abc@gmail.com]]>
              </value>
            </param>
          </params>
          <reporter-output>
          </reporter-output>
        </test-method> <!-- loginTest -->
        <test-method is-config="true" signature="teardown()[pri:0, instance:com.travelDemo.testCases.TC_LoginTest_001@5c2375a9]" started-at="2022-07-28T20:18:45 IST" name="teardown" finished-at="2022-07-28T20:18:46 IST" duration-ms="158" status="PASS">
          <reporter-output>
          </reporter-output>
        </test-method> <!-- teardown -->
        <test-method is-config="true" signature="initialize()[pri:0, instance:com.travelDemo.testCases.TC_LoginTest_001@5c2375a9]" started-at="2022-07-28T20:18:46 IST" name="initialize" finished-at="2022-07-28T20:18:49 IST" duration-ms="2890" status="PASS">
          <reporter-output>
          </reporter-output>
        </test-method> <!-- initialize -->
        <test-method signature="loginTest(java.lang.String,java.lang.String,java.lang.String,java.lang.String)[pri:0, instance:com.travelDemo.testCases.TC_LoginTest_001@5c2375a9]" started-at="2022-07-28T20:18:49 IST" name="loginTest" data-provider="LoginData" finished-at="2022-07-28T20:18:59 IST" duration-ms="10708" status="PASS">
          <params>
            <param index="0">
              <value>
                <![CDATA[]]>
              </value>
            </param>
            <param index="1">
              <value>
                <![CDATA[def]]>
              </value>
            </param>
            <param index="2">
              <value>
                <![CDATA[B_abc]]>
              </value>
            </param>
            <param index="3">
              <value>
                <![CDATA[abc@gmail.com]]>
              </value>
            </param>
          </params>
          <reporter-output>
          </reporter-output>
        </test-method> <!-- loginTest -->
        <test-method is-config="true" signature="teardown()[pri:0, instance:com.travelDemo.testCases.TC_LoginTest_001@5c2375a9]" started-at="2022-07-28T20:18:59 IST" name="teardown" finished-at="2022-07-28T20:18:59 IST" duration-ms="74" status="PASS">
          <reporter-output>
          </reporter-output>
        </test-method> <!-- teardown -->
        <test-method is-config="true" signature="initialize()[pri:0, instance:com.travelDemo.testCases.TC_LoginTest_001@5c2375a9]" started-at="2022-07-28T20:18:59 IST" name="initialize" finished-at="2022-07-28T20:19:02 IST" duration-ms="2608" status="PASS">
          <reporter-output>
          </reporter-output>
        </test-method> <!-- initialize -->
        <test-method signature="loginTest(java.lang.String,java.lang.String,java.lang.String,java.lang.String)[pri:0, instance:com.travelDemo.testCases.TC_LoginTest_001@5c2375a9]" started-at="2022-07-28T20:19:02 IST" name="loginTest" data-provider="LoginData" finished-at="2022-07-28T20:19:11 IST" duration-ms="8864" status="PASS">
          <params>
            <param index="0">
              <value>
                <![CDATA[abc]]>
              </value>
            </param>
            <param index="1">
              <value>
                <![CDATA[]]>
              </value>
            </param>
            <param index="2">
              <value>
                <![CDATA[B_abc]]>
              </value>
            </param>
            <param index="3">
              <value>
                <![CDATA[abc@gmail.com]]>
              </value>
            </param>
          </params>
          <reporter-output>
          </reporter-output>
        </test-method> <!-- loginTest -->
        <test-method is-config="true" signature="teardown()[pri:0, instance:com.travelDemo.testCases.TC_LoginTest_001@5c2375a9]" started-at="2022-07-28T20:19:11 IST" name="teardown" finished-at="2022-07-28T20:19:11 IST" duration-ms="83" status="PASS">
          <reporter-output>
          </reporter-output>
        </test-method> <!-- teardown -->
        <test-method is-config="true" signature="initialize()[pri:0, instance:com.travelDemo.testCases.TC_LoginTest_001@5c2375a9]" started-at="2022-07-28T20:19:11 IST" name="initialize" finished-at="2022-07-28T20:19:14 IST" duration-ms="2712" status="PASS">
          <reporter-output>
          </reporter-output>
        </test-method> <!-- initialize -->
        <test-method signature="loginTest(java.lang.String,java.lang.String,java.lang.String,java.lang.String)[pri:0, instance:com.travelDemo.testCases.TC_LoginTest_001@5c2375a9]" started-at="2022-07-28T20:19:14 IST" name="loginTest" data-provider="LoginData" finished-at="2022-07-28T20:19:25 IST" duration-ms="11152" status="PASS">
          <params>
            <param index="0">
              <value>
                <![CDATA[abc ]]>
              </value>
            </param>
            <param index="1">
              <value>
                <![CDATA[def]]>
              </value>
            </param>
            <param index="2">
              <value>
                <![CDATA[]]>
              </value>
            </param>
            <param index="3">
              <value>
                <![CDATA[abc@gmail.com]]>
              </value>
            </param>
          </params>
          <reporter-output>
          </reporter-output>
        </test-method> <!-- loginTest -->
        <test-method is-config="true" signature="teardown()[pri:0, instance:com.travelDemo.testCases.TC_LoginTest_001@5c2375a9]" started-at="2022-07-28T20:19:25 IST" name="teardown" finished-at="2022-07-28T20:19:29 IST" duration-ms="4125" status="PASS">
          <reporter-output>
          </reporter-output>
        </test-method> <!-- teardown -->
        <test-method is-config="true" signature="initialize()[pri:0, instance:com.travelDemo.testCases.TC_LoginTest_001@5c2375a9]" started-at="2022-07-28T20:19:29 IST" name="initialize" finished-at="2022-07-28T20:19:32 IST" duration-ms="2665" status="PASS">
          <reporter-output>
          </reporter-output>
        </test-method> <!-- initialize -->
        <test-method signature="loginTest(java.lang.String,java.lang.String,java.lang.String,java.lang.String)[pri:0, instance:com.travelDemo.testCases.TC_LoginTest_001@5c2375a9]" started-at="2022-07-28T20:19:32 IST" name="loginTest" data-provider="LoginData" finished-at="2022-07-28T20:19:43 IST" duration-ms="11278" status="PASS">
          <params>
            <param index="0">
              <value>
                <![CDATA[abc ]]>
              </value>
            </param>
            <param index="1">
              <value>
                <![CDATA[def]]>
              </value>
            </param>
            <param index="2">
              <value>
                <![CDATA[B_abc]]>
              </value>
            </param>
            <param index="3">
              <value>
                <![CDATA[]]>
              </value>
            </param>
          </params>
          <reporter-output>
          </reporter-output>
        </test-method> <!-- loginTest -->
        <test-method is-config="true" signature="teardown()[pri:0, instance:com.travelDemo.testCases.TC_LoginTest_001@5c2375a9]" started-at="2022-07-28T20:19:43 IST" name="teardown" finished-at="2022-07-28T20:19:43 IST" duration-ms="76" status="PASS">
          <reporter-output>
          </reporter-output>
        </test-method> <!-- teardown -->
      </class> <!-- com.travelDemo.testCases.TC_LoginTest_001 -->
    </test> <!-- REgistration -->
  </suite> <!-- Registration -->
</testng-results>
